c:\work\project\2017\tongjun\omina\code\software\omniasource_20180125\omnia\gvrgui\release\omina.pch
c:\work\project\2017\tongjun\omina\code\software\omniasource_20180125\omnia\gvrgui\release\vc140.pdb
c:\work\project\2017\tongjun\omina\code\software\omniasource_20180125\omnia\gvrgui\release\stdafx.obj
c:\work\project\2017\tongjun\omina\code\software\omniasource_20180125\omnia\gvrgui\release\message.obj
c:\work\project\2017\tongjun\omina\code\software\omniasource_20180125\omnia\gvrgui\release\gvrguidlg.obj
c:\work\project\2017\tongjun\omina\code\software\omniasource_20180125\omnia\gvrgui\release\gvrgui.obj
c:\work\project\2017\tongjun\omina\code\software\omniasource_20180125\omnia\gvrgui\release\ctestmessage.obj
c:\work\project\2017\tongjun\omina\code\software\omniasource_20180125\omnia\gvrgui\release\cport.obj
c:\work\project\2017\tongjun\omina\code\software\omniasource_20180125\omnia\gvrgui\release\cconsole.obj
c:\work\project\2017\tongjun\omina\code\software\omniasource_20180125\omnia\release\omina.exe
c:\work\project\2017\tongjun\omina\code\software\omniasource_20180125\omnia\release\omina.ipdb
c:\work\project\2017\tongjun\omina\code\software\omniasource_20180125\omnia\release\omina.iobj
c:\work\project\2017\tongjun\omina\code\software\omniasource_20180125\omnia\release\omina.pdb
c:\work\project\2017\tongjun\omina\code\software\omniasource_20180125\omnia\gvrgui\release\gvrgui.res
c:\work\project\2017\tongjun\omina\code\software\omniasource_20180125\omnia\gvrgui\release\omina.tlog\cl.command.1.tlog
c:\work\project\2017\tongjun\omina\code\software\omniasource_20180125\omnia\gvrgui\release\omina.tlog\cl.read.1.tlog
c:\work\project\2017\tongjun\omina\code\software\omniasource_20180125\omnia\gvrgui\release\omina.tlog\cl.write.1.tlog
c:\work\project\2017\tongjun\omina\code\software\omniasource_20180125\omnia\gvrgui\release\omina.tlog\link.command.1.tlog
c:\work\project\2017\tongjun\omina\code\software\omniasource_20180125\omnia\gvrgui\release\omina.tlog\link.read.1.tlog
c:\work\project\2017\tongjun\omina\code\software\omniasource_20180125\omnia\gvrgui\release\omina.tlog\link.write.1.tlog
c:\work\project\2017\tongjun\omina\code\software\omniasource_20180125\omnia\gvrgui\release\omina.tlog\rc.command.1.tlog
c:\work\project\2017\tongjun\omina\code\software\omniasource_20180125\omnia\gvrgui\release\omina.tlog\rc.read.1.tlog
c:\work\project\2017\tongjun\omina\code\software\omniasource_20180125\omnia\gvrgui\release\omina.tlog\rc.write.1.tlog
